(0.021) 
            SELECT c.relname, c.relkind
            FROM pg_catalog.pg_class c
            LEFT JOIN pg_catalog.pg_namespace n ON n.oid = c.relnamespace
            WHERE c.relkind IN ('r', 'v')
                AND n.nspname NOT IN ('pg_catalog', 'pg_toast')
                AND pg_catalog.pg_table_is_visible(c.oid); args=None
(0.001) SELECT "django_migrations"."app", "django_migrations"."name" FROM "django_migrations"; args=()
Internal Server Error: /products/popup-card/card-treed-chrisman/
Traceback (most recent call last):
  File "/home/manuel/env_python3.5/lib/python3.5/site-packages/django/core/handlers/exception.py", line 41, in inner
    response = get_response(request)
  File "/home/manuel/env_python3.5/lib/python3.5/site-packages/django/core/handlers/base.py", line 187, in _get_response
    response = self.process_exception_by_middleware(e, request)
  File "/home/manuel/env_python3.5/lib/python3.5/site-packages/django/core/handlers/base.py", line 185, in _get_response
    response = wrapped_callback(request, *callback_args, **callback_kwargs)
  File "/home/manuel/env_python3.5/lib/python3.5/site-packages/django/views/generic/base.py", line 68, in view
    return self.dispatch(request, *args, **kwargs)
  File "/home/manuel/env_python3.5/lib/python3.5/site-packages/django/views/generic/base.py", line 88, in dispatch
    return handler(request, *args, **kwargs)
  File "/home/manuel/env_python3.5/lib/python3.5/site-packages/django/views/generic/detail.py", line 115, in get
    self.object = self.get_object()
  File "/home/manuel/env_python3.5/lib/python3.5/site-packages/django/views/generic/detail.py", line 38, in get_object
    queryset = queryset.filter(pk=pk)
  File "/home/manuel/env_python3.5/lib/python3.5/site-packages/django/db/models/query.py", line 784, in filter
    return self._filter_or_exclude(False, *args, **kwargs)
  File "/home/manuel/env_python3.5/lib/python3.5/site-packages/django/db/models/query.py", line 802, in _filter_or_exclude
    clone.query.add_q(Q(*args, **kwargs))
  File "/home/manuel/env_python3.5/lib/python3.5/site-packages/django/db/models/sql/query.py", line 1250, in add_q
    clause, _ = self._add_q(q_object, self.used_aliases)
  File "/home/manuel/env_python3.5/lib/python3.5/site-packages/django/db/models/sql/query.py", line 1276, in _add_q
    allow_joins=allow_joins, split_subq=split_subq,
  File "/home/manuel/env_python3.5/lib/python3.5/site-packages/django/db/models/sql/query.py", line 1206, in build_filter
    condition = lookup_class(lhs, value)
  File "/home/manuel/env_python3.5/lib/python3.5/site-packages/django/db/models/lookups.py", line 24, in __init__
    self.rhs = self.get_prep_lookup()
  File "/home/manuel/env_python3.5/lib/python3.5/site-packages/django/db/models/fields/related_lookups.py", line 112, in get_prep_lookup
    self.rhs = target_field.get_prep_value(self.rhs)
  File "/home/manuel/env_python3.5/lib/python3.5/site-packages/django/db/models/fields/__init__.py", line 966, in get_prep_value
    return int(value)
ValueError: invalid literal for int() with base 10: 'card-treed-chrisman'
(0.027) SELECT "base_baseentity"."id", "base_baseentity"."priority_order", "base_baseentity"."create_date", "base_baseentity"."create_user_id", "base_baseentity"."update_date", "base_baseentity"."update_user_id", "base_baseentity"."status_id", "popup_card_popup_card"."baseentity_ptr_id", "popup_card_popup_card"."name", "popup_card_popup_card"."title", "popup_card_popup_card"."url", "popup_card_popup_card"."description", "popup_card_popup_card"."type_id", "popup_card_popup_card"."image" FROM "popup_card_popup_card" INNER JOIN "base_baseentity" ON ("popup_card_popup_card"."baseentity_ptr_id" = "base_baseentity"."id") LIMIT 21; args=()
(0.001) SELECT "base_baseentity"."id", "base_baseentity"."priority_order", "base_baseentity"."create_date", "base_baseentity"."create_user_id", "base_baseentity"."update_date", "base_baseentity"."update_user_id", "base_baseentity"."status_id", "popup_card_popup_card"."baseentity_ptr_id", "popup_card_popup_card"."name", "popup_card_popup_card"."title", "popup_card_popup_card"."url", "popup_card_popup_card"."description", "popup_card_popup_card"."type_id", "popup_card_popup_card"."image" FROM "popup_card_popup_card" INNER JOIN "base_baseentity" ON ("popup_card_popup_card"."baseentity_ptr_id" = "base_baseentity"."id") LIMIT 21; args=()
(0.001) SELECT "base_baseentity"."id", "base_baseentity"."priority_order", "base_baseentity"."create_date", "base_baseentity"."create_user_id", "base_baseentity"."update_date", "base_baseentity"."update_user_id", "base_baseentity"."status_id", "popup_card_popup_card"."baseentity_ptr_id", "popup_card_popup_card"."name", "popup_card_popup_card"."title", "popup_card_popup_card"."url", "popup_card_popup_card"."description", "popup_card_popup_card"."type_id", "popup_card_popup_card"."image" FROM "popup_card_popup_card" INNER JOIN "base_baseentity" ON ("popup_card_popup_card"."baseentity_ptr_id" = "base_baseentity"."id") LIMIT 21; args=()
(0.001) SELECT "base_baseentity"."id", "base_baseentity"."priority_order", "base_baseentity"."create_date", "base_baseentity"."create_user_id", "base_baseentity"."update_date", "base_baseentity"."update_user_id", "base_baseentity"."status_id", "popup_card_popup_card"."baseentity_ptr_id", "popup_card_popup_card"."name", "popup_card_popup_card"."title", "popup_card_popup_card"."url", "popup_card_popup_card"."description", "popup_card_popup_card"."type_id", "popup_card_popup_card"."image" FROM "popup_card_popup_card" INNER JOIN "base_baseentity" ON ("popup_card_popup_card"."baseentity_ptr_id" = "base_baseentity"."id") LIMIT 21; args=()
(0.154) SELECT "django_session"."session_key", "django_session"."session_data", "django_session"."expire_date" FROM "django_session" WHERE ("django_session"."expire_date" > '2017-09-16T06:11:10.053002+00:00'::timestamptz AND "django_session"."session_key" = 'yb6zqajortuqyulfhxnsp565uthpozwf'); args=(datetime.datetime(2017, 9, 16, 6, 11, 10, 53002, tzinfo=<UTC>), 'yb6zqajortuqyulfhxnsp565uthpozwf')
(0.003) SELECT "auth_user"."id", "auth_user"."password", "auth_user"."last_login", "auth_user"."is_superuser", "auth_user"."username", "auth_user"."first_name", "auth_user"."last_name", "auth_user"."email", "auth_user"."is_staff", "auth_user"."is_active", "auth_user"."date_joined" FROM "auth_user" WHERE "auth_user"."id" = 1; args=(1,)
"GET /products/popup-card/card-treed-chrisman/ HTTP/1.1" 500 127959
Internal Server Error: /products/popup-card/card-treed-chrisman/
Traceback (most recent call last):
  File "/home/manuel/env_python3.5/lib/python3.5/site-packages/django/core/handlers/exception.py", line 41, in inner
    response = get_response(request)
  File "/home/manuel/env_python3.5/lib/python3.5/site-packages/django/core/handlers/base.py", line 187, in _get_response
    response = self.process_exception_by_middleware(e, request)
  File "/home/manuel/env_python3.5/lib/python3.5/site-packages/django/core/handlers/base.py", line 185, in _get_response
    response = wrapped_callback(request, *callback_args, **callback_kwargs)
  File "/home/manuel/env_python3.5/lib/python3.5/site-packages/django/views/generic/base.py", line 68, in view
    return self.dispatch(request, *args, **kwargs)
  File "/home/manuel/env_python3.5/lib/python3.5/site-packages/django/views/generic/base.py", line 88, in dispatch
    return handler(request, *args, **kwargs)
  File "/home/manuel/env_python3.5/lib/python3.5/site-packages/django/views/generic/detail.py", line 115, in get
    self.object = self.get_object()
  File "/home/manuel/env_python3.5/lib/python3.5/site-packages/django/views/generic/detail.py", line 38, in get_object
    queryset = queryset.filter(pk=pk)
  File "/home/manuel/env_python3.5/lib/python3.5/site-packages/django/db/models/query.py", line 784, in filter
    return self._filter_or_exclude(False, *args, **kwargs)
  File "/home/manuel/env_python3.5/lib/python3.5/site-packages/django/db/models/query.py", line 802, in _filter_or_exclude
    clone.query.add_q(Q(*args, **kwargs))
  File "/home/manuel/env_python3.5/lib/python3.5/site-packages/django/db/models/sql/query.py", line 1250, in add_q
    clause, _ = self._add_q(q_object, self.used_aliases)
  File "/home/manuel/env_python3.5/lib/python3.5/site-packages/django/db/models/sql/query.py", line 1276, in _add_q
    allow_joins=allow_joins, split_subq=split_subq,
  File "/home/manuel/env_python3.5/lib/python3.5/site-packages/django/db/models/sql/query.py", line 1206, in build_filter
    condition = lookup_class(lhs, value)
  File "/home/manuel/env_python3.5/lib/python3.5/site-packages/django/db/models/lookups.py", line 24, in __init__
    self.rhs = self.get_prep_lookup()
  File "/home/manuel/env_python3.5/lib/python3.5/site-packages/django/db/models/fields/related_lookups.py", line 112, in get_prep_lookup
    self.rhs = target_field.get_prep_value(self.rhs)
  File "/home/manuel/env_python3.5/lib/python3.5/site-packages/django/db/models/fields/__init__.py", line 966, in get_prep_value
    return int(value)
ValueError: invalid literal for int() with base 10: 'card-treed-chrisman'
(0.002) SELECT "base_baseentity"."id", "base_baseentity"."priority_order", "base_baseentity"."create_date", "base_baseentity"."create_user_id", "base_baseentity"."update_date", "base_baseentity"."update_user_id", "base_baseentity"."status_id", "popup_card_popup_card"."baseentity_ptr_id", "popup_card_popup_card"."name", "popup_card_popup_card"."title", "popup_card_popup_card"."url", "popup_card_popup_card"."description", "popup_card_popup_card"."type_id", "popup_card_popup_card"."image" FROM "popup_card_popup_card" INNER JOIN "base_baseentity" ON ("popup_card_popup_card"."baseentity_ptr_id" = "base_baseentity"."id") LIMIT 21; args=()
(0.001) SELECT "base_baseentity"."id", "base_baseentity"."priority_order", "base_baseentity"."create_date", "base_baseentity"."create_user_id", "base_baseentity"."update_date", "base_baseentity"."update_user_id", "base_baseentity"."status_id", "popup_card_popup_card"."baseentity_ptr_id", "popup_card_popup_card"."name", "popup_card_popup_card"."title", "popup_card_popup_card"."url", "popup_card_popup_card"."description", "popup_card_popup_card"."type_id", "popup_card_popup_card"."image" FROM "popup_card_popup_card" INNER JOIN "base_baseentity" ON ("popup_card_popup_card"."baseentity_ptr_id" = "base_baseentity"."id") LIMIT 21; args=()
(0.001) SELECT "base_baseentity"."id", "base_baseentity"."priority_order", "base_baseentity"."create_date", "base_baseentity"."create_user_id", "base_baseentity"."update_date", "base_baseentity"."update_user_id", "base_baseentity"."status_id", "popup_card_popup_card"."baseentity_ptr_id", "popup_card_popup_card"."name", "popup_card_popup_card"."title", "popup_card_popup_card"."url", "popup_card_popup_card"."description", "popup_card_popup_card"."type_id", "popup_card_popup_card"."image" FROM "popup_card_popup_card" INNER JOIN "base_baseentity" ON ("popup_card_popup_card"."baseentity_ptr_id" = "base_baseentity"."id") LIMIT 21; args=()
(0.001) SELECT "base_baseentity"."id", "base_baseentity"."priority_order", "base_baseentity"."create_date", "base_baseentity"."create_user_id", "base_baseentity"."update_date", "base_baseentity"."update_user_id", "base_baseentity"."status_id", "popup_card_popup_card"."baseentity_ptr_id", "popup_card_popup_card"."name", "popup_card_popup_card"."title", "popup_card_popup_card"."url", "popup_card_popup_card"."description", "popup_card_popup_card"."type_id", "popup_card_popup_card"."image" FROM "popup_card_popup_card" INNER JOIN "base_baseentity" ON ("popup_card_popup_card"."baseentity_ptr_id" = "base_baseentity"."id") LIMIT 21; args=()
(0.001) SELECT "django_session"."session_key", "django_session"."session_data", "django_session"."expire_date" FROM "django_session" WHERE ("django_session"."expire_date" > '2017-09-16T06:12:49.769316+00:00'::timestamptz AND "django_session"."session_key" = 'yb6zqajortuqyulfhxnsp565uthpozwf'); args=(datetime.datetime(2017, 9, 16, 6, 12, 49, 769316, tzinfo=<UTC>), 'yb6zqajortuqyulfhxnsp565uthpozwf')
(0.001) SELECT "auth_user"."id", "auth_user"."password", "auth_user"."last_login", "auth_user"."is_superuser", "auth_user"."username", "auth_user"."first_name", "auth_user"."last_name", "auth_user"."email", "auth_user"."is_staff", "auth_user"."is_active", "auth_user"."date_joined" FROM "auth_user" WHERE "auth_user"."id" = 1; args=(1,)
"GET /products/popup-card/card-treed-chrisman/ HTTP/1.1" 500 127959
(0.002) 
            SELECT c.relname, c.relkind
            FROM pg_catalog.pg_class c
            LEFT JOIN pg_catalog.pg_namespace n ON n.oid = c.relnamespace
            WHERE c.relkind IN ('r', 'v')
                AND n.nspname NOT IN ('pg_catalog', 'pg_toast')
                AND pg_catalog.pg_table_is_visible(c.oid); args=None
(0.001) SELECT "django_migrations"."app", "django_migrations"."name" FROM "django_migrations"; args=()
(0.004) 
            SELECT c.relname, c.relkind
            FROM pg_catalog.pg_class c
            LEFT JOIN pg_catalog.pg_namespace n ON n.oid = c.relnamespace
            WHERE c.relkind IN ('r', 'v')
                AND n.nspname NOT IN ('pg_catalog', 'pg_toast')
                AND pg_catalog.pg_table_is_visible(c.oid); args=None
(0.001) SELECT "django_migrations"."app", "django_migrations"."name" FROM "django_migrations"; args=()
